<?xml version="1.0" encoding="UTF-8" ?>
<testsuite tests="3" failures="0" name="org.springframework.samples.petclinic.web.VetControllerTests" time="0.268" errors="0" skipped="0">
  <properties>
[...]
</properties>
  <testcase classname="org.springframework.samples.petclinic.web.VetControllerTests" name="testShowVetListXml" time="0.034"/>
  <testcase classname="org.springframework.samples.petclinic.web.VetControllerTests" name="testShowVetListHtml" time="0.033"/>
  <testcase classname="org.springframework.samples.petclinic.web.VetControllerTests" name="testShowResourcesVetList" time="0.201"/>
</testsuite>